[2015.12.22-00.54.03:304][  0]Log file open, 12/22/15 00:54:03
[2015.12.22-00.54.03:304][  0]LogInit:Display: Running engine without a game
[2015.12.22-00.54.03:304][  0]LogInit:Display: Loading recent project file: ../../../../../../Users/KIWe1/Documents/GitHub/WeatherSystem/WeatherController/WeatherController/WeatherController.uproject
[2015.12.22-00.54.03:304][  0]LogInit:Display: RandInit(1823591395) SRandInit(1823591395).
[2015.12.22-00.54.03:304][  0]LogTaskGraph: Started task graph with 4 named threads and 7 total threads.
[2015.12.22-00.54.03:304][  0]LogStats: Stats thread started at 0.259718
[2015.12.22-00.54.03:304][  0]LogInit: Version: 4.9.2-2707645+++depot+UE4-Releases+4.9
[2015.12.22-00.54.03:304][  0]LogInit: API Version: 2672455
[2015.12.22-00.54.03:304][  0]LogInit: Compiled (64-bit): Sep 28 2015 10:25:44
[2015.12.22-00.54.03:304][  0]LogInit: Compiled with Visual C++: 18.00.21005.01
[2015.12.22-00.54.03:304][  0]LogInit: Build Configuration: Development
[2015.12.22-00.54.03:304][  0]LogInit: Branch Name: ++depot+UE4-Releases+4.9
[2015.12.22-00.54.03:304][  0]LogInit: Command line: 
[2015.12.22-00.54.03:304][  0]LogInit: Base directory: C:/Program Files/Epic Games/4.9/Engine/Binaries/Win64/
[2015.12.22-00.54.03:304][  0]LogInit: Rocket: 1
[2015.12.22-00.54.03:401][  0]LogInit: Using libcurl 7.41.0
[2015.12.22-00.54.03:401][  0]LogInit:  - built for x86_64-pc-win32
[2015.12.22-00.54.03:401][  0]LogInit:  - supports SSL with WinSSL
[2015.12.22-00.54.03:401][  0]LogInit:  - other features:
[2015.12.22-00.54.03:401][  0]LogInit:      CURL_VERSION_SSL
[2015.12.22-00.54.03:401][  0]LogInit:      CURL_VERSION_IPV6
[2015.12.22-00.54.03:401][  0]LogInit:      CURL_VERSION_ASYNCHDNS
[2015.12.22-00.54.03:401][  0]LogInit:      CURL_VERSION_LARGEFILE
[2015.12.22-00.54.03:401][  0]LogInit:      CURL_VERSION_IDN
[2015.12.22-00.54.03:401][  0]LogInit:  CurlRequestOptions (configurable via config and command line):
[2015.12.22-00.54.03:401][  0]LogInit:  - bVerifyPeer = true  - Libcurl will verify peer certificate
[2015.12.22-00.54.03:401][  0]LogInit:  - bUseHttpProxy = false  - Libcurl will NOT use HTTP proxy
[2015.12.22-00.54.03:401][  0]LogInit:  - bDontReuseConnections = false  - Libcurl will reuse connections
[2015.12.22-00.54.03:401][  0]LogInit:  - CertBundlePath = nullptr  - Libcurl will use whatever was configured at build time.
[2015.12.22-00.54.03:540][  0]LogInit: Presizing for 0 objects not considered by GC, pre-allocating 0 bytes.
[2015.12.22-00.54.03:546][  0]LogInit: Object subsystem initialized
[2015.12.22-00.54.03:547][  0]LogInit: Selected Device Profile: [Windows]
[2015.12.22-00.54.03:547][  0]LogInit: Applying CVar settings loaded from the selected device profile: [Windows]
[2015.12.22-00.54.03:573][  0]LogInit: Computer: 7DEADLYSINS
[2015.12.22-00.54.03:573][  0]LogInit: User: KIWe1
[2015.12.22-00.54.03:573][  0]LogInit: CPU Page size=4096, Cores=4
[2015.12.22-00.54.03:573][  0]LogInit: High frequency timer resolution =3.222658 MHz
[2015.12.22-00.54.03:573][  0]LogMemory: Memory total: Physical=7.8GB (8GB approx)
[2015.12.22-00.54.03:573][  0]LogMemory: Platform Memory Stats for Windows
[2015.12.22-00.54.03:573][  0]LogMemory: Process Physical Memory: 52.65 MB used, 52.65 MB peak
[2015.12.22-00.54.03:573][  0]LogMemory: Process Virtual Memory: 55.15 MB used, 55.15 MB peak
[2015.12.22-00.54.03:573][  0]LogMemory: Physical Memory: 4830.36 MB used, 8029.27 MB total
[2015.12.22-00.54.03:573][  0]LogMemory: Virtual Memory: 346.01 MB used, 134217728.00 MB total
[2015.12.22-00.54.04:031][  0]LogTextLocalizationManager: No specific translations for ('en-GB') exist, so ('en') translations will be used.
[2015.12.22-00.54.04:614][  0]LogD3D11RHI: Found D3D11 adapter 0: NVIDIA GeForce GTX 760 (Feature Level 11_0)
[2015.12.22-00.54.04:614][  0]LogD3D11RHI: Adapter has 1985MB of dedicated video memory, 0MB of dedicated system memory, and 2048MB of shared system memory, 1 output[s]
[2015.12.22-00.54.04:619][  0]LogD3D11RHI: Found D3D11 adapter 1: Intel(R) HD Graphics 4600 (Feature Level 11_0)
[2015.12.22-00.54.04:619][  0]LogD3D11RHI: Adapter has 160MB of dedicated video memory, 0MB of dedicated system memory, and 1760MB of shared system memory, 1 output[s]
[2015.12.22-00.54.04:620][  0]LogD3D11RHI: Found D3D11 adapter 2: Microsoft Basic Render Driver (Feature Level 11_0)
[2015.12.22-00.54.04:620][  0]LogD3D11RHI: Adapter has 0MB of dedicated video memory, 0MB of dedicated system memory, and 256MB of shared system memory, 0 output[s]
[2015.12.22-00.54.04:620][  0]LogD3D11RHI: Chosen D3D11 Adapter Id = 0
[2015.12.22-00.54.04:624][  0]LogD3D11RHI: !Direct3DDevice
[2015.12.22-00.54.04:624][  0]LogRHI: Texture pool is 1361 MB (70% of 1945 MB)
[2015.12.22-00.54.04:632][  0]LogD3D11RHI: Async texture creation enabled
[2015.12.22-00.54.04:647][  0]LogShaderCompilers: Guid format shader working directory is 15 characters bigger than the processId version (../../../../../../Users/KIWe1/Documents/GitHub/WeatherSystem/WeatherController/WeatherController/Intermediate/Shaders/WorkingDirectory/9484/).
[2015.12.22-00.54.04:647][  0]LogShaderCompilers: Cleaned the shader compiler working directory '../../../../../../Users/KIWe1/Documents/GitHub/WeatherSystem/WeatherController/WeatherController/Intermediate/Shaders/tmp/23925A0C437E383A8B980A8CDEBB71D1/'.
[2015.12.22-00.54.04:647][  0]LogShaderCompilers:Display: Using Local Shader Compiler.
[2015.12.22-00.54.10:616][  0]LogTemp:Display: Loaded TP AllDesktopTargetPlatform
[2015.12.22-00.54.10:621][  0]LogTemp:Display: Loaded TP WindowsClientTargetPlatform
[2015.12.22-00.54.10:626][  0]LogTemp:Display: Loaded TP WindowsNoEditorTargetPlatform
[2015.12.22-00.54.10:631][  0]LogTemp:Display: Loaded TP WindowsServerTargetPlatform
[2015.12.22-00.54.10:635][  0]LogTemp:Display: Loaded TP WindowsTargetPlatform
[2015.12.22-00.54.10:641][  0]LogTemp:Display: Loaded TP AndroidTargetPlatform
[2015.12.22-00.54.10:644][  0]LogTemp:Display: Loaded TP Android_ASTCTargetPlatform
[2015.12.22-00.54.10:646][  0]LogTemp:Display: Loaded TP Android_ATCTargetPlatform
[2015.12.22-00.54.10:649][  0]LogTemp:Display: Loaded TP Android_DXTTargetPlatform
[2015.12.22-00.54.10:653][  0]LogTemp:Display: Loaded TP Android_ETC1TargetPlatform
[2015.12.22-00.54.10:656][  0]LogTemp:Display: Loaded TP Android_ETC2TargetPlatform
[2015.12.22-00.54.10:660][  0]LogTemp:Display: Loaded TP Android_PVRTCTargetPlatform
[2015.12.22-00.54.10:661][  0]LogTemp:Display: Loaded TP HTML5TargetPlatform
[2015.12.22-00.54.10:753][  0]LogTemp:Display: Loaded TP IOSTargetPlatform
[2015.12.22-00.54.10:769][  0]LogTemp:Display: Loaded TP LinuxNoEditorTargetPlatform
[2015.12.22-00.54.10:776][  0]LogTemp:Display: Loaded TP LinuxServerTargetPlatform
[2015.12.22-00.54.10:789][  0]LogTemp:Display: Loaded TP LinuxTargetPlatform
[2015.12.22-00.54.10:789][  0]LogTargetPlatformManager:Display: Building Assets For Windows
[2015.12.22-00.54.11:740][  0]LogDerivedDataCache:Display: Max Cache Size: 512 MB
[2015.12.22-00.54.12:400][  0]LogDerivedDataCache: Loaded boot cache 0.66s 41MB C:/Users/KIWe1/AppData/Local/UnrealEngine/4.9/DerivedDataCache/Boot.ddc.
[2015.12.22-00.54.12:400][  0]LogDerivedDataCache:Display: Loaded Boot cache: C:/Users/KIWe1/AppData/Local/UnrealEngine/4.9/DerivedDataCache/Boot.ddc
[2015.12.22-00.54.12:400][  0]LogDerivedDataCache: FDerivedDataBackendGraph:  Pak pak cache file ../../../../../../Users/KIWe1/Documents/GitHub/WeatherSystem/WeatherController/WeatherController/DerivedDataCache/DDC.ddp not found, will not use a pak cache.
[2015.12.22-00.54.12:400][  0]LogDerivedDataCache: Unable to find inner node Pak for hierarchical cache Hierarchy.
[2015.12.22-00.54.12:400][  0]LogDerivedDataCache: FDerivedDataBackendGraph:  CompressedPak pak cache file ../../../../../../Users/KIWe1/Documents/GitHub/WeatherSystem/WeatherController/WeatherController/DerivedDataCache/Compressed.ddp not found, will not use a pak cache.
[2015.12.22-00.54.12:400][  0]LogDerivedDataCache: Unable to find inner node CompressedPak for hierarchical cache Hierarchy.
[2015.12.22-00.54.12:755][  0]LogDerivedDataCache:Display: Pak cache opened for reading ../../../Engine/DerivedDataCache/Compressed.ddp.
[2015.12.22-00.54.12:785][  0]LogDerivedDataCache: Using Local data cache path C:/Users/KIWe1/AppData/Local/UnrealEngine/Common/DerivedDataCache: Writable
[2015.12.22-00.54.24:596][  0]LogInit: Selected Device Profile: [Windows]
[2015.12.22-00.54.24:721][  0]LogContentStreaming: Texture pool size is 0.000000MB
[2015.12.22-00.54.26:273][  0]LogMeshUtilities: No automatic mesh reduction module available
[2015.12.22-00.54.26:274][  0]LogMeshUtilities: No automatic mesh merging module available
[2015.12.22-00.54.29:884][  0]LogInit: WinSock: version 1.1 (2.2), MaxSocks=32767, MaxUdp=65467
[2015.12.22-00.54.50:618][  0]UdpMessaging: Initializing bridge on interface 0.0.0.0:0 to multicast group 230.0.0.1:6666.
[2015.12.22-00.54.51:542][  0]LogAssetRegistry: FAssetRegistry took 0.0210 seconds to start up
[2015.12.22-00.54.54:737][  0]SourceControl: Info Source control is disabled
[2015.12.22-00.54.54:738][  0]SourceControl: Info Source control is disabled
[2015.12.22-00.54.54:785][  0]SourceControl: Info Source control is disabled
[2015.12.22-00.54.54:836][  0]SourceControl: Info Source control is disabled
[2015.12.22-00.54.55:632][  0]LogLinker:Warning: Asset '../../../Engine/Plugins/Runtime/LeapMotionController/Content/LM_PassthroughMaterial.uasset' has been saved with empty engine version. The asset will be loaded but may be incompatible.
[2015.12.22-00.54.56:195][  0]LogObj: 28361 objects as part of root set at end of initial load.
[2015.12.22-00.54.56:195][  0]LogUObjectAllocator: 6038864 out of 0 bytes used by permanent object pool.
[2015.12.22-00.54.56:910][  0]LogEngine: Initializing Engine...
[2015.12.22-00.54.56:982][  0]LogHMD: Can't find Oculus library dev build: is proper Runtime installed? Version: 0.7.0.0
[2015.12.22-00.54.57:025][  0]LogHMD: SteamVR failed to initialize.  Err: 110
[2015.12.22-00.54.58:179][  0]LogAIModule: Creating AISystem for world NewWorld
[2015.12.22-00.54.58:485][  0]LogInit: XAudio2 using 'Speakers (Realtek High Definition Audio)' : 2 channels at 48 kHz using 32 bits per sample (channel mask 0x3)
[2015.12.22-00.54.58:528][  0]LogInit: FAudioDevice initialized.
[2015.12.22-00.54.58:546][  0]LogDerivedDataCache: Saved boot cache 0.02s 41MB C:/Users/KIWe1/AppData/Local/UnrealEngine/4.9/DerivedDataCache/Boot.ddc.
[2015.12.22-00.54.58:550][  0]LogInit: Texture streaming: Enabled
[2015.12.22-00.54.58:608][  0]LogAnalytics: Creating configured Analytics provider AnalyticsET
[2015.12.22-00.54.58:609][  0]LogAnalytics: [UEEditor.Rocket.Release] APIServer = http://et2.epicgames.com/ET2/. AppVersion = 4.9.2-2707645+++depot+UE4-Releases+4.9
[2015.12.22-00.54.58:609][  0]LogAnalytics: [UEEditor.Rocket.Release] SetUserId 308e0aec40fe65e96e887992614e60d6|b15aaf259a234981ac58d9a2d8097391|3ca5979e-5f07-46a1-9140-d6dcf4c8ce96
[2015.12.22-00.54.58:623][  0]LogAnalytics: [UEEditor.Rocket.Release] AnalyticsET::StartSession
[2015.12.22-00.54.59:663][  0]LogInit: Transaction tracking system initialized
[2015.12.22-00.55.00:594][  0]BlueprintLog: New page: Editor Load
[2015.12.22-00.55.03:955][  0]LocalizationService: Info Localization service is disabled
[2015.12.22-00.55.05:068][  0]LogLinker:Warning: Can't find file '/Game/SideScrollerBP/SideScrollerOverview'
[2015.12.22-00.55.05:068][  0]LogLinker:Warning: Can't find file '/Game/SideScrollerBP/SideScrollerOverview'
[2015.12.22-00.55.05:102][  0]LogUObjectGlobals:Warning: Failed to find object 'Class /Game/SideScrollerBP/SideScrollerOverview.SideScrollerOverview_C'
[2015.12.22-00.55.05:775][  0]LogConsoleResponse:Display: 
[2015.12.22-00.55.10:778][  0]LogFileCache: Scanning file cache for directory 'C:/Users/KIWe1/Documents/GitHub/WeatherSystem/WeatherController/WeatherController/Content/' took 0.01s
[2015.12.22-00.55.10:778][  0]LogCook:Display: Done creating registry. It took  0.00s.
[2015.12.22-00.55.13:152][  0]SourceControl: Info Source control is disabled
[2015.12.22-00.55.13:327][  0]LightingResults: New page: Lighting Build
[2015.12.22-00.55.13:578][  0]MapCheck: New page: Map Check
[2015.12.22-00.55.13:578][  0]LightingResults: New page: Lighting Build
[2015.12.22-00.55.14:224][  0]LogParticles: Destroying 0 GPU particle simulations for FXSystem 0x0000009F9A44A160
[2015.12.22-00.55.17:227][  0]LogBlueprint:Warning: [compiler WeatherContorller] Warning 'Item' is already a 'Sky Sphere for Weather', you don't need  Cast To SkySphereForWeather .
[2015.12.22-00.55.17:229][  0]LogBlueprint:Error: [compiler WeatherContorller] Error The type of  Zenith Color  is undetermined.  Connect something to  SpawnActor Sky Sphere for Weather  to imply a specific type.
[2015.12.22-00.55.17:229][  0]LogBlueprint:Error: [compiler WeatherContorller] Error The type of  Horizon Color  is undetermined.  Connect something to  SpawnActor Sky Sphere for Weather  to imply a specific type.
[2015.12.22-00.55.17:232][  0]LogBlueprint:Error: [compiler WeatherContorller] Error The current value ((R=1.979559,G=2.586644,B=3.000000,A=1.000000)) of the ' Horizon Color ' pin is invalid: 'Value' must have an input wired into it ("by ref" params expect a valid input to operate on).
[2015.12.22-00.55.17:232][  0]LogBlueprint:Error: [compiler WeatherContorller] Error The current value ((R=0.034046,G=0.109247,B=0.295000,A=1.000000)) of the ' Zenith Color ' pin is invalid: 'Value' must have an input wired into it ("by ref" params expect a valid input to operate on).
[2015.12.22-00.55.17:251][  0]LogBlueprint:Warning: [compiler WeatherContorller] Warning [0075.44] Compile of WeatherContorller failed. 4 Fatal Issue(s) 1 Warning(s) [in 75 ms]
[2015.12.22-00.55.17:251][  0]LogBlueprint:Warning: [compiler WeatherContorller] Warning [0075.44] Compile of WeatherContorller failed. 4 Fatal Issue(s) 2 Warning(s) [in 0 ms]
[2015.12.22-00.55.17:251][  0]LogBlueprint:Warning: [compiler WeatherContorller] Warning [0075.44] Compile of WeatherContorller failed. 4 Fatal Issue(s) 3 Warning(s) [in 0 ms]
[2015.12.22-00.55.17:409][  0]LogBlueprint:Warning: [compiler SkySphereForWeather] Warning 'Item' is already a 'Directional Light Blueprint', you don't need  Cast To DirectionalLight_Blueprint .
[2015.12.22-00.55.17:459][  0]LogBlueprint:Warning: [compiler SkySphereForWeather] Warning [0075.64] Compile of SkySphereForWeather successful, but with 1 Warning(s) [in 54 ms]
[2015.12.22-00.55.17:468][  0]LogBlueprint:Warning: [compiler SkySphereForWeather] Warning [0075.65] Compile of SkySphereForWeather successful, but with 2 Warning(s) [in 9 ms]
[2015.12.22-00.55.17:469][  0]LogBlueprint:Warning: [compiler SkySphereForWeather] Warning [0075.65] Compile of SkySphereForWeather successful, but with 3 Warning(s) [in 0 ms]
[2015.12.22-00.55.17:516][  0]LogBlueprint:Warning: [compiler SkySphereForWeather] Warning 'Item' is already a 'Directional Light Blueprint', you don't need  Cast To DirectionalLight_Blueprint .
[2015.12.22-00.55.17:523][  0]LogBlueprint:Warning: [compiler SkySphereForWeather] Warning [0075.71] Compile of SkySphereForWeather successful, but with 1 Warning(s) [in 11 ms]
[2015.12.22-00.55.17:523][  0]LogBlueprint:Warning: [compiler SkySphereForWeather] Warning [0075.71] Compile of SkySphereForWeather successful, but with 2 Warning(s) [in 0 ms]
[2015.12.22-00.55.17:524][  0]LogBlueprint:Warning: [compiler SkySphereForWeather] Warning [0075.71] Compile of SkySphereForWeather successful, but with 3 Warning(s) [in 0 ms]
[2015.12.22-00.55.17:533][  0]LogBlueprint:Warning: [compiler WeatherContorller] Warning 'Item' is already a 'Sky Sphere for Weather', you don't need  Cast To SkySphereForWeather .
[2015.12.22-00.55.17:538][  0]LogBlueprint:Warning: [compiler WeatherContorller] Warning [0075.72] Compile of WeatherContorller successful, but with 1 Warning(s) [in 11 ms]
[2015.12.22-00.55.17:538][  0]LogBlueprint:Warning: [compiler WeatherContorller] Warning [0075.72] Compile of WeatherContorller successful, but with 2 Warning(s) [in 0 ms]
[2015.12.22-00.55.17:539][  0]LogBlueprint:Warning: [compiler WeatherContorller] Warning [0075.72] Compile of WeatherContorller successful, but with 3 Warning(s) [in 0 ms]
[2015.12.22-00.55.18:990][  0]LogBlueprint:Warning: [compiler CloudsSystem] Warning 'Item' is already a 'BP Sky Sphere', you don't need  Cast To BP_Sky_Sphere .
[2015.12.22-00.55.18:993][  0]LogBlueprint:Warning: [compiler CloudsSystem] Warning [0077.18] Compile of CloudsSystem successful, but with 1 Warning(s) [in 10 ms]
[2015.12.22-00.55.18:993][  0]LogBlueprint:Warning: [compiler CloudsSystem] Warning [0077.18] Compile of CloudsSystem successful, but with 2 Warning(s) [in 0 ms]
[2015.12.22-00.55.18:993][  0]LogBlueprint:Warning: [compiler CloudsSystem] Warning [0077.18] Compile of CloudsSystem successful, but with 3 Warning(s) [in 0 ms]
[2015.12.22-00.55.19:002][  0]LogBlueprint:Warning: [compiler CloudsSystem] Warning 'Item' is already a 'BP Sky Sphere', you don't need  Cast To BP_Sky_Sphere .
[2015.12.22-00.55.19:006][  0]LogBlueprint:Warning: [compiler CloudsSystem] Warning [0077.19] Compile of CloudsSystem successful, but with 1 Warning(s) [in 10 ms]
[2015.12.22-00.55.19:006][  0]LogBlueprint:Warning: [compiler CloudsSystem] Warning [0077.19] Compile of CloudsSystem successful, but with 2 Warning(s) [in 0 ms]
[2015.12.22-00.55.19:006][  0]LogBlueprint:Warning: [compiler CloudsSystem] Warning [0077.19] Compile of CloudsSystem successful, but with 3 Warning(s) [in 0 ms]
[2015.12.22-00.55.19:561][  0]LogBlueprint:Warning: [compiler SliderDayNight] Warning 'Item' is already a 'Directional Light Blueprint', you don't need  Cast To DirectionalLight_Blueprint .
[2015.12.22-00.55.19:564][  0]LogBlueprint:Warning: [compiler SliderDayNight] Warning [0077.75] Compile of SliderDayNight successful, but with 1 Warning(s) [in 50 ms]
[2015.12.22-00.55.19:565][  0]LogBlueprint:Warning: [compiler SliderDayNight] Warning [0077.75] Compile of SliderDayNight successful, but with 2 Warning(s) [in 0 ms]
[2015.12.22-00.55.19:565][  0]LogBlueprint:Warning: [compiler SliderDayNight] Warning [0077.75] Compile of SliderDayNight successful, but with 3 Warning(s) [in 0 ms]
[2015.12.22-00.55.19:577][  0]LogBlueprint:Warning: [compiler SliderDayNight] Warning 'Item' is already a 'Directional Light Blueprint', you don't need  Cast To DirectionalLight_Blueprint .
[2015.12.22-00.55.19:581][  0]LogBlueprint:Warning: [compiler SliderDayNight] Warning [0077.76] Compile of SliderDayNight successful, but with 1 Warning(s) [in 12 ms]
[2015.12.22-00.55.19:581][  0]LogBlueprint:Warning: [compiler SliderDayNight] Warning [0077.76] Compile of SliderDayNight successful, but with 2 Warning(s) [in 0 ms]
[2015.12.22-00.55.19:581][  0]LogBlueprint:Warning: [compiler SliderDayNight] Warning [0077.76] Compile of SliderDayNight successful, but with 3 Warning(s) [in 0 ms]
[2015.12.22-00.55.20:103][  0]LogBlueprint:Warning: [compiler TempSystem] Warning 'Item' is already a 'Sky Sphere for Weather', you don't need  Cast To SkySphereForWeather .
[2015.12.22-00.55.20:104][  0]LogBlueprint:Warning: [compiler TempSystem] Warning 'Item' is already a 'Directional Light Blueprint', you don't need  Cast To DirectionalLight_Blueprint .
[2015.12.22-00.55.20:107][  0]LogBlueprint:Warning: [compiler TempSystem] Warning [0078.29] Compile of TempSystem successful, but with 2 Warning(s) [in 11 ms]
[2015.12.22-00.55.20:107][  0]LogBlueprint:Warning: [compiler TempSystem] Warning [0078.29] Compile of TempSystem successful, but with 3 Warning(s) [in 0 ms]
[2015.12.22-00.55.20:107][  0]LogBlueprint:Warning: [compiler TempSystem] Warning [0078.29] Compile of TempSystem successful, but with 4 Warning(s) [in 0 ms]
[2015.12.22-00.55.20:118][  0]LogBlueprint:Warning: [compiler TempSystem] Warning 'Item' is already a 'Sky Sphere for Weather', you don't need  Cast To SkySphereForWeather .
[2015.12.22-00.55.20:118][  0]LogBlueprint:Warning: [compiler TempSystem] Warning 'Item' is already a 'Directional Light Blueprint', you don't need  Cast To DirectionalLight_Blueprint .
[2015.12.22-00.55.20:122][  0]LogBlueprint:Warning: [compiler TempSystem] Warning [0078.31] Compile of TempSystem successful, but with 2 Warning(s) [in 11 ms]
[2015.12.22-00.55.20:122][  0]LogBlueprint:Warning: [compiler TempSystem] Warning [0078.31] Compile of TempSystem successful, but with 3 Warning(s) [in 0 ms]
[2015.12.22-00.55.20:122][  0]LogBlueprint:Warning: [compiler TempSystem] Warning [0078.31] Compile of TempSystem successful, but with 4 Warning(s) [in 0 ms]
[2015.12.22-00.55.22:352][  0]LogBlueprint:Warning: [compiler Minimal_Default] Warning 'Item' is already a 'Directional Light Blueprint', you don't need  Cast To DirectionalLight_Blueprint .
[2015.12.22-00.55.22:352][  0]LogBlueprint:Warning: [compiler Minimal_Default] Warning 'Item' is already a 'Slider Day Night', you don't need  Cast To SliderDayNight .
[2015.12.22-00.55.22:353][  0]LogBlueprint:Warning: [compiler Minimal_Default] Warning [0080.54] Compile of Minimal_Default successful, but with 2 Warning(s) [in 3 ms]
[2015.12.22-00.55.22:353][  0]LogBlueprint:Warning: [compiler Minimal_Default] Warning [0080.54] Compile of Minimal_Default successful, but with 3 Warning(s) [in 0 ms]
[2015.12.22-00.55.22:353][  0]LogBlueprint:Warning: [compiler Minimal_Default] Warning [0080.54] Compile of Minimal_Default successful, but with 4 Warning(s) [in 0 ms]
[2015.12.22-00.55.22:358][  0]LogBlueprint:Warning: [compiler Minimal_Default] Warning 'Item' is already a 'Directional Light Blueprint', you don't need  Cast To DirectionalLight_Blueprint .
[2015.12.22-00.55.22:359][  0]LogBlueprint:Warning: [compiler Minimal_Default] Warning 'Item' is already a 'Slider Day Night', you don't need  Cast To SliderDayNight .
[2015.12.22-00.55.22:359][  0]LogBlueprint:Warning: [compiler Minimal_Default] Warning [0080.54] Compile of Minimal_Default successful, but with 2 Warning(s) [in 3 ms]
[2015.12.22-00.55.22:359][  0]LogBlueprint:Warning: [compiler Minimal_Default] Warning [0080.54] Compile of Minimal_Default successful, but with 3 Warning(s) [in 0 ms]
[2015.12.22-00.55.22:359][  0]LogBlueprint:Warning: [compiler Minimal_Default] Warning [0080.54] Compile of Minimal_Default successful, but with 4 Warning(s) [in 0 ms]
[2015.12.22-00.55.28:711][  0]LogAIModule: Creating AISystem for world Minimal_Default
[2015.12.22-00.55.30:398][  0]LogEditorServer: Finished looking for orphan Actors (0.000 secs)
[2015.12.22-00.55.30:587][  0]Cmd: MAP CHECKDEP NOCLEARLOG
[2015.12.22-00.55.30:892][  0]MapCheck: Info Map check complete: 0 Error(s), 0 Warning(s), took 304.868ms to complete.
[2015.12.22-00.55.30:966][  0]LogFileHelpers: Loading map 'Minimal_Default' took 17.739
[2015.12.22-00.55.34:125][  0]LogCollectionManager: Loaded 0 collections in 0.002611 seconds
[2015.12.22-00.55.34:989][  0]LogFileCache: Scanning file cache for directory 'C:/Users/KIWe1/Documents/GitHub/WeatherSystem/WeatherController/WeatherController/Saved/Collections/' took 0.01s
[2015.12.22-00.55.34:989][  0]LogFileCache: Scanning file cache for directory 'C:/Users/KIWe1/Documents/GitHub/WeatherSystem/WeatherController/WeatherController/Content/Developers/KIWe1/Collections/' took 0.01s
[2015.12.22-00.55.34:989][  0]LogFileCache: Scanning file cache for directory 'C:/Users/KIWe1/Documents/GitHub/WeatherSystem/WeatherController/WeatherController/Content/Collections/' took 0.01s
[2015.12.22-00.55.34:989][  0]LogContentBrowser: Native class hierarchy populated in 0.4370 seconds. Added 1867 classes and 333 folders.
[2015.12.22-00.55.35:849][  0]LogCollectionManager: Rebuilt the GUID cache for 0 collections in 0.000002 seconds
[2015.12.22-00.55.36:290][  0]LogContentBrowser: Native class hierarchy updated for 'WidgetCarousel' in 0.0005 seconds. Added 0 classes and 0 folders.
[2015.12.22-00.55.40:557][  0]LogContentBrowser: Native class hierarchy updated for 'AddContentDialog' in 0.0003 seconds. Added 0 classes and 0 folders.
[2015.12.22-00.55.41:429][  0]LogContentBrowser: Native class hierarchy updated for 'SceneOutliner' in 0.0004 seconds. Added 1 classes and 2 folders.
[2015.12.22-00.55.42:141][  0]LogCrashTracker: Crashtracker disabled due to settings.
[2015.12.22-00.55.42:340][  0]LogUObjectGlobals:Warning: Failed to find object 'Class None.'
[2015.12.22-00.55.42:404][  0]LogLoad: Full Startup: 100.59 seconds (BP compile: 1.22 seconds)
[2015.12.22-00.55.42:757][  0]LogContentStreaming: Texture pool size now 1000 MB
[2015.12.22-00.55.43:498][  0]LogRenderer: Reallocating scene render targets to support 404x744 (Frame:2).
[2015.12.22-00.55.44:376][  1]Cmd: CAMERA ALIGN ACTIVEVIEWPORTONLY
[2015.12.22-00.55.44:376][  1]Can't find target actor or component.
[2015.12.22-00.55.45:055][  8]LogAssetRegistry: Asset discovery search completed in 53.5248 seconds
[2015.12.22-00.55.45:055][  8]LogCollectionManager: Rebuilt the object cache for 0 collections in 0.000001 seconds (found 0 objects)
[2015.12.22-00.55.45:055][  8]LogCollectionManager: Fixed up redirectors for 0 collections in 0.000029 seconds (updated 0 objects)
[2015.12.22-00.55.48:282][236]LogWindowsTextInputMethodSystem:Display: IME system now deactivated.
[2015.12.22-00.55.48:732][237]Cmd: QUIT_EDITOR
[2015.12.22-00.55.49:149][237]LogExit: Preparing to exit.
[2015.12.22-00.55.50:125][237]LogExit: Editor shut down
[2015.12.22-00.55.50:125][237]LogExit: Transaction tracking system shut down
[2015.12.22-00.55.50:229][237]LogParticles: Destroying 0 GPU particle simulations for FXSystem 0x0000009F9FDFBA60
[2015.12.22-00.55.50:229][237]LogParticles: Destroying 0 GPU particle simulations for FXSystem 0x0000009FA960C540
[2015.12.22-00.55.50:229][237]LogParticles: Destroying 0 GPU particle simulations for FXSystem 0x0000009FA9361080
[2015.12.22-00.55.50:229][237]LogParticles: Destroying 0 GPU particle simulations for FXSystem 0x0000009FAEC41A80
[2015.12.22-00.55.51:070][237]LogExit: Object subsystem successfully closed.
[2015.12.22-00.55.51:319][237]LogD3D11RHI: Shutdown
[2015.12.22-00.55.51:319][237]LogD3D11RHI: CleanupD3DDevice
[2015.12.22-00.55.51:387][237]LogD3D11RHI: ~FD3D11DynamicRHI
[2015.12.22-00.55.51:893][237]LogModuleManager: Shutting down and abandoning module CrashTracker (197)
[2015.12.22-00.55.51:893][237]LogModuleManager: Shutting down and abandoning module SceneOutliner (196)
[2015.12.22-00.55.51:893][237]LogModuleManager: Shutting down and abandoning module SuperSearch (195)
[2015.12.22-00.55.51:893][237]LogModuleManager: Shutting down and abandoning module WidgetCarousel (194)
[2015.12.22-00.55.51:893][237]LogModuleManager: Shutting down and abandoning module AddContentDialog (193)
[2015.12.22-00.55.51:902][237]LogModuleManager: Shutting down and abandoning module EditorWidgets (192)
[2015.12.22-00.55.51:902][237]LogModuleManager: Shutting down and abandoning module CollectionManager (191)
[2015.12.22-00.55.51:902][237]LogModuleManager: Shutting down and abandoning module StatsViewer (190)
[2015.12.22-00.55.51:902][237]LogModuleManager: Shutting down and abandoning module FoliageEdit (189)
[2015.12.22-00.55.51:902][237]LogModuleManager: Shutting down and abandoning module LandscapeEditor (188)
[2015.12.22-00.55.51:940][237]LogModuleManager: Shutting down and abandoning module ActorPickerMode (187)
[2015.12.22-00.55.51:940][237]LogModuleManager: Shutting down and abandoning module GeometryMode (186)
[2015.12.22-00.55.51:940][237]LogModuleManager: Shutting down and abandoning module TextureAlignMode (185)
[2015.12.22-00.55.51:940][237]LogModuleManager: Shutting down and abandoning module BspMode (184)
[2015.12.22-00.55.51:940][237]LogModuleManager: Shutting down and abandoning module PlacementMode (183)
[2015.12.22-00.55.51:940][237]LogModuleManager: Shutting down and abandoning module AutomationWorker (182)
[2015.12.22-00.55.51:940][237]LogModuleManager: Shutting down and abandoning module CharacterAI (181)
[2015.12.22-00.55.51:940][237]LogModuleManager: Shutting down and abandoning module SmartSnapping (180)
[2015.12.22-00.55.51:940][237]LogModuleManager: Shutting down and abandoning module ViewportSnapping (179)
[2015.12.22-00.55.51:940][237]LogModuleManager: Shutting down and abandoning module LogVisualizer (178)
[2015.12.22-00.55.51:960][237]LogModuleManager: Shutting down and abandoning module GameProjectGeneration (177)
[2015.12.22-00.55.51:978][237]LogModuleManager: Shutting down and abandoning module IntroTutorials (176)
[2015.12.22-00.55.51:978][237]LogModuleManager: Shutting down and abandoning module EditorLiveStreaming (175)
[2015.12.22-00.55.51:978][237]LogModuleManager: Shutting down and abandoning module IOSPlatformEditor (174)
[2015.12.22-00.55.51:978][237]LogModuleManager: Shutting down and abandoning module HTML5PlatformEditor (173)
[2015.12.22-00.55.51:978][237]LogModuleManager: Shutting down and abandoning module AndroidDeviceDetection (172)
[2015.12.22-00.55.52:515][237]LogModuleManager: Shutting down and abandoning module AndroidPlatformEditor (171)
[2015.12.22-00.55.52:515][237]LogModuleManager: Shutting down and abandoning module IOSRuntimeSettings (170)
[2015.12.22-00.55.52:515][237]LogModuleManager: Shutting down and abandoning module AndroidRuntimeSettings (169)
[2015.12.22-00.55.52:515][237]LogModuleManager: Shutting down and abandoning module MergeActors (168)
[2015.12.22-00.55.52:539][237]LogModuleManager: Shutting down and abandoning module SizeMap (167)
[2015.12.22-00.55.52:539][237]LogModuleManager: Shutting down and abandoning module TreeMap (166)
[2015.12.22-00.55.52:539][237]LogModuleManager: Shutting down and abandoning module ReferenceViewer (165)
[2015.12.22-00.55.52:539][237]LogModuleManager: Shutting down and abandoning module LocalizationService (164)
[2015.12.22-00.55.52:539][237]LogModuleManager: Shutting down and abandoning module LocalizationDashboard (163)
[2015.12.22-00.55.52:554][237]LogModuleManager: Shutting down and abandoning module HardwareTargeting (162)
[2015.12.22-00.55.52:554][237]LogModuleManager: Shutting down and abandoning module DeviceProfileEditor (161)
[2015.12.22-00.55.52:554][237]LogModuleManager: Shutting down and abandoning module UndoHistory (160)
[2015.12.22-00.55.52:554][237]LogModuleManager: Shutting down and abandoning module GameplayTagsEditor (159)
[2015.12.22-00.55.52:554][237]LogModuleManager: Shutting down and abandoning module UserFeedback (158)
[2015.12.22-00.55.52:554][237]LogModuleManager: Shutting down and abandoning module XmlParser (157)
[2015.12.22-00.55.52:554][237]LogModuleManager: Shutting down and abandoning module Blutility (156)
[2015.12.22-00.55.52:554][237]LogModuleManager: Shutting down and abandoning module ProjectTargetPlatformEditor (155)
[2015.12.22-00.55.52:554][237]LogModuleManager: Shutting down and abandoning module ProjectSettingsViewer (154)
[2015.12.22-00.55.52:554][237]LogModuleManager: Shutting down and abandoning module InputBindingEditor (153)
[2015.12.22-00.55.52:572][237]LogModuleManager: Shutting down and abandoning module EditorSettingsViewer (152)
[2015.12.22-00.55.52:572][237]LogModuleManager: Shutting down and abandoning module SettingsEditor (151)
[2015.12.22-00.55.52:572][237]LogModuleManager: Shutting down and abandoning module ProjectLauncher (150)
[2015.12.22-00.55.52:572][237]LogModuleManager: Shutting down and abandoning module SessionFrontend (149)
[2015.12.22-00.55.52:572][237]LogModuleManager: Shutting down and abandoning module ProfilerClient (148)
[2015.12.22-00.55.52:580][237]LogModuleManager: Shutting down and abandoning module TargetDeviceServices (147)
[2015.12.22-00.55.52:580][237]LogModuleManager: Shutting down and abandoning module DeviceManager (146)
[2015.12.22-00.55.52:581][237]LogModuleManager: Shutting down and abandoning module AutomationController (145)
[2015.12.22-00.55.52:581][237]LogModuleManager: Shutting down and abandoning module AutomationWindow (144)
[2015.12.22-00.55.52:591][237]LogModuleManager: Shutting down and abandoning module Layers (143)
[2015.12.22-00.55.52:605][237]LogModuleManager: Shutting down and abandoning module ComponentVisualizers (142)
[2015.12.22-00.55.52:605][237]LogModuleManager: Shutting down and abandoning module DetailCustomizations (141)
[2015.12.22-00.55.52:635][237]LogModuleManager: Shutting down and abandoning module PackagesDialog (140)
[2015.12.22-00.55.52:635][237]LogModuleManager: Shutting down and abandoning module Persona (139)
[2015.12.22-00.55.52:655][237]LogModuleManager: Shutting down and abandoning module Kismet (138)
[2015.12.22-00.55.52:676][237]LogModuleManager: Shutting down and abandoning module GraphEditor (137)
[2015.12.22-00.55.52:727][237]LogModuleManager: Shutting down and abandoning module ClassViewer (136)
[2015.12.22-00.55.52:727][237]LogModuleManager: Shutting down and abandoning module Toolbox (135)
[2015.12.22-00.55.52:727][237]LogModuleManager: Shutting down and abandoning module ModuleUI (134)
[2015.12.22-00.55.52:737][237]LogModuleManager: Shutting down and abandoning module MovieSceneTools (133)
[2015.12.22-00.55.52:738][237]LogModuleManager: Shutting down and abandoning module OutputLog (132)
[2015.12.22-00.55.52:738][237]LogModuleManager: Shutting down and abandoning module GammaUI (131)
[2015.12.22-00.55.52:766][237]LogModuleManager: Shutting down and abandoning module Documentation (130)
[2015.12.22-00.55.52:766][237]LogModuleManager: Shutting down and abandoning module GameLiveStreaming (129)
[2015.12.22-00.55.52:804][237]LogModuleManager: Shutting down and abandoning module StreamingPauseRendering (128)
[2015.12.22-00.55.52:804][237]LogModuleManager: Shutting down and abandoning module AnalyticsET (127)
[2015.12.22-00.55.52:804][237]LogModuleManager: Shutting down and abandoning module Analytics (126)
[2015.12.22-00.55.52:804][237]LogModuleManager: Shutting down and abandoning module AITestSuite (125)
[2015.12.22-00.55.52:804][237]LogModuleManager: Shutting down and abandoning module GameplayDebugger (124)
[2015.12.22-00.55.52:804][237]LogModuleManager: Shutting down and abandoning module AIModule (123)
[2015.12.22-00.55.52:804][237]LogModuleManager: Shutting down and abandoning module ProfilerService (122)
[2015.12.22-00.55.52:855][237]LogModuleManager: Shutting down and abandoning module TaskGraph (121)
[2015.12.22-00.55.52:877][237]LogModuleManager: Shutting down and abandoning module SlateRemote (120)
[2015.12.22-00.55.52:877][237]LogModuleManager: Shutting down and abandoning module SteamVRController (119)
[2015.12.22-00.55.52:877][237]LogModuleManager: Shutting down and abandoning module SteamVR (118)
[2015.12.22-00.55.52:877][237]LogModuleManager: Shutting down and abandoning module ProceduralMeshComponent (117)
[2015.12.22-00.55.52:877][237]LogModuleManager: Shutting down and abandoning module OculusRift (116)
[2015.12.22-00.55.52:877][237]LogModuleManager: Shutting down and abandoning module OculusLibrary (115)
[2015.12.22-00.55.52:877][237]LogModuleManager: Shutting down and abandoning module LeapMotionController (114)
[2015.12.22-00.55.52:888][237]LogModuleManager: Shutting down and abandoning module CustomMeshComponent (113)
[2015.12.22-00.55.52:909][237]LogModuleManager: Shutting down and abandoning module CableComponent (112)
[2015.12.22-00.55.52:909][237]LogModuleManager: Shutting down and abandoning module ArchVisCharacter (111)
[2015.12.22-00.55.52:909][237]LogModuleManager: Shutting down and abandoning module MessagingDebugger (110)
[2015.12.22-00.55.52:920][237]LogModuleManager: Shutting down and abandoning module MediaPlayerEditor (109)
[2015.12.22-00.55.52:944][237]LogModuleManager: Shutting down and abandoning module HTML5Networking (108)
[2015.12.22-00.55.52:944][237]LogModuleManager: Shutting down and abandoning module SpeedTreeImporter (107)
[2015.12.22-00.55.52:944][237]LogModuleManager: Shutting down and abandoning module PluginBrowser (106)
[2015.12.22-00.55.52:944][237]LogModuleManager: Shutting down and abandoning module EpicSurvey (105)
[2015.12.22-00.55.52:944][237]LogModuleManager: Shutting down and abandoning module DesktopPlatform (104)
[2015.12.22-00.55.52:944][237]LogModuleManager: Shutting down and abandoning module VisualStudioSourceCodeAccess (103)
[2015.12.22-00.55.52:944][237]LogModuleManager: Shutting down and abandoning module UObjectPlugin (102)
[2015.12.22-00.55.52:944][237]LogModuleManager: Shutting down and abandoning module SubversionSourceControl (101)
[2015.12.22-00.55.52:944][237]LogModuleManager: Shutting down and abandoning module PerforceSourceControl (100)
[2015.12.22-00.55.52:944][237]LogModuleManager: Shutting down and abandoning module SourceControl (99)
[2015.12.22-00.55.52:944][237]LogModuleManager: Shutting down and abandoning module GitSourceControl (98)
[2015.12.22-00.55.52:944][237]LogModuleManager: Shutting down and abandoning module LightPropagationVolumeEditor (97)
[2015.12.22-00.55.52:944][237]LogModuleManager: Shutting down and abandoning module PaperTiledImporter (96)
[2015.12.22-00.55.52:944][237]LogModuleManager: Shutting down and abandoning module PaperSpriteSheetImporter (95)
[2015.12.22-00.55.52:944][237]LogModuleManager: Shutting down and abandoning module MeshPaint (94)
[2015.12.22-00.55.52:944][237]LogModuleManager: Shutting down and abandoning module SlateReflector (93)
[2015.12.22-00.55.52:951][237]LogModuleManager: Shutting down and abandoning module HotReload (92)
[2015.12.22-00.55.52:951][237]LogModuleManager: Shutting down and abandoning module MainFrame (91)
[2015.12.22-00.55.52:951][237]LogModuleManager: Shutting down and abandoning module LevelEditor (90)
[2015.12.22-00.55.52:952][237]LogModuleManager: Shutting down and abandoning module DirectoryWatcher (89)
[2015.12.22-00.55.52:953][237]LogModuleManager: Shutting down and abandoning module AssetRegistry (88)
[2015.12.22-00.55.53:041][237]LogModuleManager: Shutting down and abandoning module ContentBrowser (87)
[2015.12.22-00.55.53:042][237]LogModuleManager: Shutting down and abandoning module Paper2DEditor (86)
[2015.12.22-00.55.53:060][237]LogModuleManager: Shutting down and abandoning module UdpMessaging (85)
[2015.12.22-00.55.53:161][237]LogModuleManager: Shutting down and abandoning module LightPropagationVolumeRuntime (84)
[2015.12.22-00.55.53:161][237]LogModuleManager: Shutting down and abandoning module Paper2D (83)
[2015.12.22-00.55.53:161][237]LogModuleManager: Shutting down and abandoning module WindowsMoviePlayer (82)
[2015.12.22-00.55.53:174][237]LogModuleManager: Shutting down and abandoning module Media (81)
[2015.12.22-00.55.53:174][237]LogModuleManager: Shutting down and abandoning module WmfMedia (80)
[2015.12.22-00.55.53:184][237]LogModuleManager: Shutting down and abandoning module OnlineBlueprintSupport (79)
[2015.12.22-00.55.53:184][237]LogModuleManager: Shutting down and abandoning module GameplayTasksEditor (78)
[2015.12.22-00.55.53:184][237]LogModuleManager: Shutting down and abandoning module PropertyEditor (77)
[2015.12.22-00.55.53:199][237]LogModuleManager: Shutting down and abandoning module BehaviorTreeEditor (76)
[2015.12.22-00.55.53:210][237]LogModuleManager: Shutting down and abandoning module FunctionalTesting (75)
[2015.12.22-00.55.53:210][237]LogModuleManager: Shutting down and abandoning module CollisionAnalyzer (74)
[2015.12.22-00.55.53:210][237]LogModuleManager: Shutting down and abandoning module WorkspaceMenuStructure (73)
[2015.12.22-00.55.53:210][237]LogModuleManager: Shutting down and abandoning module MessageLog (72)
[2015.12.22-00.55.53:210][237]LogModuleManager: Shutting down and abandoning module Sequencer (71)
[2015.12.22-00.55.53:217][237]LogModuleManager: Shutting down and abandoning module AssetTools (70)
[2015.12.22-00.55.53:239][237]LogModuleManager: Shutting down and abandoning module UMGEditor (69)
[2015.12.22-00.55.53:259][237]LogModuleManager: Shutting down and abandoning module UMG (68)
[2015.12.22-00.55.53:259][237]LogModuleManager: Shutting down and abandoning module Slate (67)
[2015.12.22-00.55.53:259][237]LogModuleManager: Shutting down and abandoning module EditorStyle (66)
[2015.12.22-00.55.53:261][237]LogModuleManager: Shutting down and abandoning module SessionServices (65)
[2015.12.22-00.55.53:261][237]LogModuleManager: Shutting down and abandoning module SourceCodeAccess (64)
[2015.12.22-00.55.53:261][237]LogModuleManager: Shutting down and abandoning module HeadMountedDisplay (63)
[2015.12.22-00.55.53:261][237]LogModuleManager: Shutting down and abandoning module XAudio2 (62)
[2015.12.22-00.55.53:261][237]LogModuleManager: Shutting down and abandoning module Networking (60)
[2015.12.22-00.55.53:261][237]LogModuleManager: Shutting down and abandoning module Core (59)
[2015.12.22-00.55.53:261][237]LogModuleManager: Shutting down and abandoning module KismetCompiler (58)
[2015.12.22-00.55.53:261][237]LogModuleManager: Shutting down and abandoning module PhysXFormats (57)
[2015.12.22-00.55.53:261][237]LogModuleManager: Shutting down and abandoning module MeshUtilities (56)
[2015.12.22-00.55.53:283][237]LogModuleManager: Shutting down and abandoning module CookingStats (55)
[2015.12.22-00.55.53:283][237]LogModuleManager: Shutting down and abandoning module DerivedDataCache (54)
[2015.12.22-00.55.53:431][237]LogDerivedDataCache: Shutdown
[2015.12.22-00.55.53:431][237]LogModuleManager: Shutting down and abandoning module ShaderFormatOpenGL (53)
[2015.12.22-00.55.53:443][237]LogModuleManager: Shutting down and abandoning module ShaderFormatD3D (52)
[2015.12.22-00.55.53:443][237]LogModuleManager: Shutting down and abandoning module MetalShaderFormat (51)
[2015.12.22-00.55.53:458][237]LogModuleManager: Shutting down and abandoning module TextureFormatUncompressed (50)
[2015.12.22-00.55.53:458][237]LogModuleManager: Shutting down and abandoning module TextureFormatPVR (49)
[2015.12.22-00.55.53:458][237]LogModuleManager: Shutting down and abandoning module TextureFormatIntelISPCTexComp (48)
[2015.12.22-00.55.53:458][237]LogModuleManager: Shutting down and abandoning module TextureFormatDXT (47)
[2015.12.22-00.55.53:458][237]LogModuleManager: Shutting down and abandoning module ImageWrapper (46)
[2015.12.22-00.55.53:458][237]LogModuleManager: Shutting down and abandoning module TextureFormatASTC (45)
[2015.12.22-00.55.53:458][237]LogModuleManager: Shutting down and abandoning module TextureFormatAndroid (44)
[2015.12.22-00.55.53:458][237]LogModuleManager: Shutting down and abandoning module AudioFormatOpus (43)
[2015.12.22-00.55.53:469][237]LogModuleManager: Shutting down and abandoning module AudioFormatOgg (42)
[2015.12.22-00.55.53:469][237]LogModuleManager: Shutting down and abandoning module AudioFormatADPCM (41)
[2015.12.22-00.55.53:469][237]LogModuleManager: Shutting down and abandoning module LinuxTargetPlatform (40)
[2015.12.22-00.55.53:469][237]LogModuleManager: Shutting down and abandoning module LinuxServerTargetPlatform (39)
[2015.12.22-00.55.53:469][237]LogModuleManager: Shutting down and abandoning module LinuxNoEditorTargetPlatform (38)
[2015.12.22-00.55.53:469][237]LogModuleManager: Shutting down and abandoning module Messaging (37)
[2015.12.22-00.55.53:469][237]LogModuleManager: Shutting down and abandoning module IOSTargetPlatform (36)
[2015.12.22-00.55.53:469][237]LogModuleManager: Shutting down and abandoning module HTML5TargetPlatform (35)
[2015.12.22-00.55.53:469][237]LogModuleManager: Shutting down and abandoning module Android_PVRTCTargetPlatform (34)
[2015.12.22-00.55.53:478][237]LogModuleManager: Shutting down and abandoning module Android_ETC2TargetPlatform (33)
[2015.12.22-00.55.53:485][237]LogModuleManager: Shutting down and abandoning module Android_ETC1TargetPlatform (32)
[2015.12.22-00.55.53:494][237]LogModuleManager: Shutting down and abandoning module Android_DXTTargetPlatform (31)
[2015.12.22-00.55.53:501][237]LogModuleManager: Shutting down and abandoning module Android_ATCTargetPlatform (30)
[2015.12.22-00.55.53:511][237]LogModuleManager: Shutting down and abandoning module Android_ASTCTargetPlatform (29)
[2015.12.22-00.55.53:511][237]LogModuleManager: Shutting down and abandoning module AndroidTargetPlatform (28)
[2015.12.22-00.55.53:521][237]LogModuleManager: Shutting down and abandoning module WindowsTargetPlatform (27)
[2015.12.22-00.55.53:521][237]LogModuleManager: Shutting down and abandoning module WindowsServerTargetPlatform (26)
[2015.12.22-00.55.53:535][237]LogModuleManager: Shutting down and abandoning module WindowsNoEditorTargetPlatform (25)
[2015.12.22-00.55.53:541][237]LogModuleManager: Shutting down and abandoning module WindowsClientTargetPlatform (24)
[2015.12.22-00.55.53:555][237]LogModuleManager: Shutting down and abandoning module AllDesktopTargetPlatform (23)
[2015.12.22-00.55.53:555][237]LogModuleManager: Shutting down and abandoning module TargetPlatform (22)
[2015.12.22-00.55.53:555][237]LogModuleManager: Shutting down and abandoning module InputCore (21)
[2015.12.22-00.55.53:555][237]LogModuleManager: Shutting down and abandoning module Settings (20)
[2015.12.22-00.55.53:555][237]LogModuleManager: Shutting down and abandoning module OnlineSubsystem (18)
[2015.12.22-00.55.53:555][237]LogModuleManager: Shutting down and abandoning module HTTP (17)
[2015.12.22-00.55.55:558][237]LogModuleManager: Shutting down and abandoning module XMPP (16)
[2015.12.22-00.55.55:587][237]LogModuleManager: Shutting down and abandoning module ExampleDeviceProfileSelector (15)
[2015.12.22-00.55.55:587][237]LogModuleManager: Shutting down and abandoning module TextureCompressor (14)
[2015.12.22-00.55.55:607][237]LogModuleManager: Shutting down and abandoning module ShaderCore (13)
[2015.12.22-00.55.55:607][237]LogModuleManager: Shutting down and abandoning module Landscape (12)
[2015.12.22-00.55.55:607][237]LogModuleManager: Shutting down and abandoning module SlateRHIRenderer (11)
[2015.12.22-00.55.55:624][237]LogModuleManager: Shutting down and abandoning module OpenGLDrv (10)
[2015.12.22-00.55.55:637][237]LogModuleManager: Shutting down and abandoning module D3D11RHI (9)
[2015.12.22-00.55.55:637][237]LogModuleManager: Shutting down and abandoning module AnimGraphRuntime (8)
[2015.12.22-00.55.55:644][237]LogModuleManager: Shutting down and abandoning module Renderer (7)
[2015.12.22-00.55.55:644][237]LogModuleManager: Shutting down and abandoning module Engine (6)
[2015.12.22-00.55.55:644][237]LogModuleManager: Shutting down and abandoning module CoreUObject (5)
[2015.12.22-00.55.55:644][237]LogModuleManager: Shutting down and abandoning module NetworkFile (4)
[2015.12.22-00.55.55:673][237]LogModuleManager: Shutting down and abandoning module StreamingFile (3)
[2015.12.22-00.55.55:673][237]LogModuleManager: Shutting down and abandoning module SandboxFile (2)
[2015.12.22-00.55.55:680][237]LogModuleManager: Shutting down and abandoning module PakFile (1)
[2015.12.22-00.55.55:700][237]LogExit: Exiting.
[2015.12.22-00.55.55:701][237]Log file closed, 12/22/15 00:55:55
